<?xml version="1.0" encoding="UTF-8"?><testsuite errors="1" failures="0" name="Verificar el correcto funcionamiento del formulario de registro" skipped="0" tests="1" time="43.91" timestamp="2022-03-16 12:39:28"><testcase name="Verificar el formulario de registro exitoso"><error message="Expected condition failed: waiting for By.xpath: /html/body/ui-view/unauthenticated-container/div/div/div/ui-view/div/div/div/div[1]/div/h1/font/font to be displayed (tried for 5 second(s) with 100 milliseconds interval)&#10;Build info: version: '3.11.0', revision: 'e59cfb3', time: '2018-03-11T20:26:55.152Z'&#10;System info: host: 'CHMEP9PG5RF3', ip: '192.168.1.7', os.name: 'Windows 10', os.arch: 'amd64', os.version: '10.0', java.version: '1.8.0_131'&#10;Driver info: driver.version: unknown" type="java.lang.AssertionError">Expected condition failed: waiting for By.xpath: /html/body/ui-view/unauthenticated-container/div/div/div/ui-view/div/div/div/div[1]/div/h1/font/font to be displayed (tried for 5 second(s) with 100 milliseconds interval)
Build info: version: '3.11.0', revision: 'e59cfb3', time: '2018-03-11T20:26:55.152Z'
System info: host: 'CHMEP9PG5RF3', ip: '192.168.1.7', os.name: 'Windows 10', os.arch: 'amd64', os.version: '10.0', java.version: '1.8.0_131'
Driver info: driver.version: unknown</error><system-err>Expected condition failed: waiting for By.xpath: /html/body/ui-view/unauthenticated-container/div/div/div/ui-view/div/div/div/div[1]/div/h1/font/font to be displayed (tried for 5 second(s) with 100 milliseconds interval)
Build info: version: '3.11.0', revision: 'e59cfb3', time: '2018-03-11T20:26:55.152Z'
System info: host: 'CHMEP9PG5RF3', ip: '192.168.1.7', os.name: 'Windows 10', os.arch: 'amd64', os.version: '10.0', java.version: '1.8.0_131'
Driver info: driver.version: unknown&#13;
co.com.choucair.certification.retoutestautomatizacion.stepdefinitions.StepdefinitionsFields.verificaQueCompletoElRegistroWelcomeToTheWorldSLargestCommunityOfFreelanceSoftwareTesters(StepdefinitionsFields.java:64)&#13;
✽.Verifica que completo el registro Welcome to the world's largest community of freelance software testers!(src/test/resources/features/registroUtest.feature:23)&#13;
</system-err></testcase></testsuite>